2025-25-02 04:02:59 PM|root|INFO|////////////////////////////////////////////////////////////////////////////////////////////////////////////////////////////////////////////////////////////////////////////////////////////////
2025-25-02 04:03:03 PM|root|INFO| Intentando obtener guia de 71 órdenes
2025-25-02 04:03:05 PM|root|ERROR|Error recupera_meli_token() [Errno 2] No such file or directory: '/home/ubuntu/Documents/server-Tln/Tools/meli/tokens_meli.txt': 
2025-25-02 04:03:05 PM|root|ERROR|Error get_order_meli: 'shipping'
2025-25-02 04:03:05 PM|root|INFO|La orden SO3581663 no se encuentra en MercadoLibre
2025-25-02 04:03:05 PM|root|ERROR|Error recupera_meli_token() [Errno 2] No such file or directory: '/home/ubuntu/Documents/server-Tln/Tools/meli/tokens_meli.txt': 
2025-25-02 04:03:05 PM|root|ERROR|Error get_order_meli: 'shipping'
2025-25-02 04:03:05 PM|root|INFO|La orden SO3581661 no se encuentra en MercadoLibre
2025-25-02 04:03:05 PM|root|ERROR|Error recupera_meli_token() [Errno 2] No such file or directory: '/home/ubuntu/Documents/server-Tln/Tools/meli/tokens_meli.txt': 
2025-25-02 04:03:06 PM|root|ERROR|Error get_order_meli: 'shipping'
2025-25-02 04:03:06 PM|root|INFO|La orden SO3581660 no se encuentra en MercadoLibre
2025-25-02 04:03:06 PM|root|ERROR|Error recupera_meli_token() [Errno 2] No such file or directory: '/home/ubuntu/Documents/server-Tln/Tools/meli/tokens_meli.txt': 
2025-25-02 04:03:06 PM|root|ERROR|Error get_order_meli: 'shipping'
2025-25-02 04:03:06 PM|root|INFO|La orden SO3581659 no se encuentra en MercadoLibre
2025-25-02 04:03:06 PM|root|ERROR|Error recupera_meli_token() [Errno 2] No such file or directory: '/home/ubuntu/Documents/server-Tln/Tools/meli/tokens_meli.txt': 
2025-25-02 04:03:06 PM|root|ERROR|Error get_order_meli: 'shipping'
2025-25-02 04:03:06 PM|root|INFO|La orden SO3581654 no se encuentra en MercadoLibre
2025-25-02 04:03:06 PM|root|ERROR|Error recupera_meli_token() [Errno 2] No such file or directory: '/home/ubuntu/Documents/server-Tln/Tools/meli/tokens_meli.txt': 
2025-25-02 04:03:07 PM|root|ERROR|Error get_order_meli: 'shipping'
2025-25-02 04:03:07 PM|root|INFO|La orden SO3581646 no se encuentra en MercadoLibre
2025-25-02 04:03:07 PM|root|ERROR|Error recupera_meli_token() [Errno 2] No such file or directory: '/home/ubuntu/Documents/server-Tln/Tools/meli/tokens_meli.txt': 
2025-25-02 04:03:08 PM|root|ERROR|Error get_order_meli: 'shipping'
2025-25-02 04:03:08 PM|root|INFO|La orden SO3581644 no se encuentra en MercadoLibre
2025-25-02 04:03:08 PM|root|ERROR|Error recupera_meli_token() [Errno 2] No such file or directory: '/home/ubuntu/Documents/server-Tln/Tools/meli/tokens_meli.txt': 
2025-25-02 04:03:08 PM|root|ERROR|Error get_order_meli: 'shipping'
2025-25-02 04:03:08 PM|root|INFO|La orden SO3581642 no se encuentra en MercadoLibre
2025-25-02 04:03:08 PM|root|ERROR|Error recupera_meli_token() [Errno 2] No such file or directory: '/home/ubuntu/Documents/server-Tln/Tools/meli/tokens_meli.txt': 
2025-25-02 04:03:09 PM|root|ERROR|Error get_order_meli: 'shipping'
2025-25-02 04:03:09 PM|root|INFO|La orden SO3581640 no se encuentra en MercadoLibre
2025-25-02 04:03:09 PM|root|ERROR|Error recupera_meli_token() [Errno 2] No such file or directory: '/home/ubuntu/Documents/server-Tln/Tools/meli/tokens_meli.txt': 
2025-25-02 04:03:09 PM|root|ERROR|Error get_order_meli: 'shipping'
2025-25-02 04:03:09 PM|root|INFO|La orden SO3581637 no se encuentra en MercadoLibre
2025-25-02 04:03:09 PM|root|ERROR|Error recupera_meli_token() [Errno 2] No such file or directory: '/home/ubuntu/Documents/server-Tln/Tools/meli/tokens_meli.txt': 
2025-25-02 04:03:09 PM|root|ERROR|Error get_order_meli: 'shipping'
2025-25-02 04:03:09 PM|root|INFO|La orden SO3581636 no se encuentra en MercadoLibre
2025-25-02 04:03:09 PM|root|ERROR|Error recupera_meli_token() [Errno 2] No such file or directory: '/home/ubuntu/Documents/server-Tln/Tools/meli/tokens_meli.txt': 
2025-25-02 04:03:12 PM|root|ERROR|Error get_order_meli: 'shipping'
2025-25-02 04:03:12 PM|root|INFO|La orden SO3581629 no se encuentra en MercadoLibre
2025-25-02 04:03:12 PM|root|ERROR|Error recupera_meli_token() [Errno 2] No such file or directory: '/home/ubuntu/Documents/server-Tln/Tools/meli/tokens_meli.txt': 
2025-25-02 04:03:12 PM|root|ERROR|Error get_order_meli: 'shipping'
2025-25-02 04:03:12 PM|root|INFO|La orden SO3581622 no se encuentra en MercadoLibre
2025-25-02 04:03:12 PM|root|ERROR|Error recupera_meli_token() [Errno 2] No such file or directory: '/home/ubuntu/Documents/server-Tln/Tools/meli/tokens_meli.txt': 
2025-25-02 04:03:12 PM|root|ERROR|Error get_order_meli: 'shipping'
2025-25-02 04:03:12 PM|root|INFO|La orden SO3581618 no se encuentra en MercadoLibre
2025-25-02 04:03:12 PM|root|ERROR|Error recupera_meli_token() [Errno 2] No such file or directory: '/home/ubuntu/Documents/server-Tln/Tools/meli/tokens_meli.txt': 
2025-25-02 04:03:12 PM|root|ERROR|Error get_order_meli: 'shipping'
2025-25-02 04:03:12 PM|root|INFO|La orden SO3581616 no se encuentra en MercadoLibre
2025-25-02 04:03:12 PM|root|ERROR|Error recupera_meli_token() [Errno 2] No such file or directory: '/home/ubuntu/Documents/server-Tln/Tools/meli/tokens_meli.txt': 
2025-25-02 04:03:13 PM|root|ERROR|Error get_order_meli: 'shipping'
2025-25-02 04:03:13 PM|root|INFO|La orden SO3581612 no se encuentra en MercadoLibre
2025-25-02 04:03:13 PM|root|ERROR|Error recupera_meli_token() [Errno 2] No such file or directory: '/home/ubuntu/Documents/server-Tln/Tools/meli/tokens_meli.txt': 
2025-25-02 04:03:13 PM|root|ERROR|Error get_order_meli: 'shipping'
2025-25-02 04:03:13 PM|root|INFO|La orden SO3581606 no se encuentra en MercadoLibre
2025-25-02 04:03:13 PM|root|ERROR|Error recupera_meli_token() [Errno 2] No such file or directory: '/home/ubuntu/Documents/server-Tln/Tools/meli/tokens_meli.txt': 
2025-25-02 04:03:14 PM|root|ERROR|Error get_order_meli: 'shipping'
2025-25-02 04:03:14 PM|root|INFO|La orden SO3581604 no se encuentra en MercadoLibre
2025-25-02 04:03:14 PM|root|ERROR|Error recupera_meli_token() [Errno 2] No such file or directory: '/home/ubuntu/Documents/server-Tln/Tools/meli/tokens_meli.txt': 
2025-25-02 04:03:15 PM|root|ERROR|Error get_order_meli: 'shipping'
2025-25-02 04:03:15 PM|root|INFO|La orden SO3581601 no se encuentra en MercadoLibre
2025-25-02 04:03:15 PM|root|ERROR|Error recupera_meli_token() [Errno 2] No such file or directory: '/home/ubuntu/Documents/server-Tln/Tools/meli/tokens_meli.txt': 
2025-25-02 04:03:15 PM|root|ERROR|Error get_order_meli: 'shipping'
2025-25-02 04:03:15 PM|root|INFO|La orden SO3581596 no se encuentra en MercadoLibre
2025-25-02 04:03:15 PM|root|ERROR|Error recupera_meli_token() [Errno 2] No such file or directory: '/home/ubuntu/Documents/server-Tln/Tools/meli/tokens_meli.txt': 
2025-25-02 04:03:15 PM|root|ERROR|Error get_order_meli: 'shipping'
2025-25-02 04:03:15 PM|root|INFO|La orden SO3581591 no se encuentra en MercadoLibre
2025-25-02 04:03:15 PM|root|ERROR|Error recupera_meli_token() [Errno 2] No such file or directory: '/home/ubuntu/Documents/server-Tln/Tools/meli/tokens_meli.txt': 
2025-25-02 04:03:16 PM|root|ERROR|Error get_order_meli: 'shipping'
2025-25-02 04:03:16 PM|root|INFO|La orden SO3581590 no se encuentra en MercadoLibre
2025-25-02 04:03:16 PM|root|ERROR|Error recupera_meli_token() [Errno 2] No such file or directory: '/home/ubuntu/Documents/server-Tln/Tools/meli/tokens_meli.txt': 
2025-25-02 04:03:16 PM|root|ERROR|Error get_order_meli: 'shipping'
2025-25-02 04:03:16 PM|root|INFO|La orden SO3581589 no se encuentra en MercadoLibre
2025-25-02 04:03:16 PM|root|ERROR|Error recupera_meli_token() [Errno 2] No such file or directory: '/home/ubuntu/Documents/server-Tln/Tools/meli/tokens_meli.txt': 
2025-25-02 04:03:16 PM|root|ERROR|Error get_order_meli: 'shipping'
2025-25-02 04:03:16 PM|root|INFO|La orden SO3581587 no se encuentra en MercadoLibre
2025-25-02 04:03:16 PM|root|ERROR|Error recupera_meli_token() [Errno 2] No such file or directory: '/home/ubuntu/Documents/server-Tln/Tools/meli/tokens_meli.txt': 
