This file contains any messages produced by compilers while
running configure, to aid debugging if configure makes a mistake.

It was created by rastertoezpl configure 1.1.9, which was
generated by GNU Autoconf 2.69.  Invocation command line was

  $ ./configure 

## --------- ##
## Platform. ##
## --------- ##

hostname = servertnp-System-Product-Name
uname -m = x86_64
uname -r = 6.5.0-27-generic
uname -s = Linux
uname -v = #28~22.04.1-Ubuntu SMP PREEMPT_DYNAMIC Fri Mar 15 10:51:06 UTC 2

/usr/bin/uname -p = x86_64
/bin/uname -X     = unknown

/bin/arch              = x86_64
/usr/bin/arch -k       = unknown
/usr/convex/getsysinfo = unknown
/usr/bin/hostinfo      = unknown
/bin/machine           = unknown
/usr/bin/oslevel       = unknown
/bin/universe          = unknown

PATH: /usr/local/sbin
PATH: /usr/local/bin
PATH: /usr/sbin
PATH: /usr/bin
PATH: /sbin
PATH: /bin
PATH: /usr/games
PATH: /usr/local/games
PATH: /snap/bin
PATH: /snap/bin


## ----------- ##
## Core tests. ##
## ----------- ##

configure:2210: checking for a BSD-compatible install
configure:2278: result: /usr/bin/install -c
configure:2289: checking whether build environment is sane
configure:2344: result: yes
configure:2495: checking for a thread-safe mkdir -p
configure:2534: result: /usr/bin/mkdir -p
configure:2541: checking for gawk
configure:2571: result: no
configure:2541: checking for mawk
configure:2557: found /usr/bin/mawk
configure:2568: result: mawk
configure:2579: checking whether make sets $(MAKE)
configure:2601: result: yes
configure:2630: checking whether make supports nested variables
configure:2647: result: yes
configure:2826: checking for gcc
configure:2842: found /usr/bin/gcc
configure:2853: result: gcc
configure:3082: checking for C compiler version
configure:3091: gcc --version >&5
gcc (Ubuntu 11.4.0-1ubuntu1~22.04) 11.4.0
Copyright (C) 2021 Free Software Foundation, Inc.
This is free software; see the source for copying conditions.  There is NO
warranty; not even for MERCHANTABILITY or FITNESS FOR A PARTICULAR PURPOSE.

configure:3102: $? = 0
configure:3091: gcc -v >&5
Using built-in specs.
COLLECT_GCC=gcc
COLLECT_LTO_WRAPPER=/usr/lib/gcc/x86_64-linux-gnu/11/lto-wrapper
OFFLOAD_TARGET_NAMES=nvptx-none:amdgcn-amdhsa
OFFLOAD_TARGET_DEFAULT=1
Target: x86_64-linux-gnu
Configured with: ../src/configure -v --with-pkgversion='Ubuntu 11.4.0-1ubuntu1~22.04' --with-bugurl=file:///usr/share/doc/gcc-11/README.Bugs --enable-languages=c,ada,c++,go,brig,d,fortran,objc,obj-c++,m2 --prefix=/usr --with-gcc-major-version-only --program-suffix=-11 --program-prefix=x86_64-linux-gnu- --enable-shared --enable-linker-build-id --libexecdir=/usr/lib --without-included-gettext --enable-threads=posix --libdir=/usr/lib --enable-nls --enable-bootstrap --enable-clocale=gnu --enable-libstdcxx-debug --enable-libstdcxx-time=yes --with-default-libstdcxx-abi=new --enable-gnu-unique-object --disable-vtable-verify --enable-plugin --enable-default-pie --with-system-zlib --enable-libphobos-checking=release --with-target-system-zlib=auto --enable-objc-gc=auto --enable-multiarch --disable-werror --enable-cet --with-arch-32=i686 --with-abi=m64 --with-multilib-list=m32,m64,mx32 --enable-multilib --with-tune=generic --enable-offload-targets=nvptx-none=/build/gcc-11-XeT9lY/gcc-11-11.4.0/debian/tmp-nvptx/usr,amdgcn-amdhsa=/build/gcc-11-XeT9lY/gcc-11-11.4.0/debian/tmp-gcn/usr --without-cuda-driver --enable-checking=release --build=x86_64-linux-gnu --host=x86_64-linux-gnu --target=x86_64-linux-gnu --with-build-config=bootstrap-lto-lean --enable-link-serialization=2
Thread model: posix
Supported LTO compression algorithms: zlib zstd
gcc version 11.4.0 (Ubuntu 11.4.0-1ubuntu1~22.04) 
... rest of stderr output deleted ...
configure:3102: $? = 0
configure:3091: gcc -V >&5
gcc: error: unrecognized command-line option '-V'
gcc: fatal error: no input files
compilation terminated.
configure:3102: $? = 1
configure:3091: gcc -qversion >&5
gcc: error: unrecognized command-line option '-qversion'; did you mean '--version'?
gcc: fatal error: no input files
compilation terminated.
configure:3102: $? = 1
configure:3122: checking whether the C compiler works
configure:3144: gcc    conftest.c  >&5
configure:3148: $? = 0
configure:3196: result: yes
configure:3199: checking for C compiler default output file name
configure:3201: result: a.out
configure:3207: checking for suffix of executables
configure:3214: gcc -o conftest    conftest.c  >&5
configure:3218: $? = 0
configure:3240: result: 
configure:3262: checking whether we are cross compiling
configure:3270: gcc -o conftest    conftest.c  >&5
configure:3274: $? = 0
configure:3281: ./conftest
configure:3285: $? = 0
configure:3300: result: no
configure:3305: checking for suffix of object files
configure:3327: gcc -c   conftest.c >&5
configure:3331: $? = 0
configure:3352: result: o
configure:3356: checking whether we are using the GNU C compiler
configure:3375: gcc -c   conftest.c >&5
configure:3375: $? = 0
configure:3384: result: yes
configure:3393: checking whether gcc accepts -g
configure:3413: gcc -c -g  conftest.c >&5
configure:3413: $? = 0
configure:3454: result: yes
configure:3471: checking for gcc option to accept ISO C89
configure:3534: gcc  -c -g -O2  conftest.c >&5
configure:3534: $? = 0
configure:3547: result: none needed
configure:3572: checking whether gcc understands -c and -o together
configure:3594: gcc -c conftest.c -o conftest2.o
configure:3597: $? = 0
configure:3594: gcc -c conftest.c -o conftest2.o
configure:3597: $? = 0
configure:3609: result: yes
configure:3629: checking whether make supports the include directive
configure:3644: make -f confmf.GNU && cat confinc.out
this is the am__doit target
configure:3647: $? = 0
configure:3666: result: yes (GNU style)
configure:3691: checking dependency style of gcc
configure:3802: result: gcc3
configure:3817: checking whether ln -s works
configure:3821: result: yes
configure:3830: checking for find
configure:3848: found /usr/bin/find
configure:3860: result: /usr/bin/find
configure:3870: checking for ppdc
configure:3888: found /usr/bin/ppdc
configure:3900: result: /usr/bin/ppdc
configure:3915: checking for cups-config
configure:3948: result: no
configure:3954: error: This program is required!

## ---------------- ##
## Cache variables. ##
## ---------------- ##

ac_cv_c_compiler_gnu=yes
ac_cv_env_CC_set=
ac_cv_env_CC_value=
ac_cv_env_CFLAGS_set=
ac_cv_env_CFLAGS_value=
ac_cv_env_CPPFLAGS_set=
ac_cv_env_CPPFLAGS_value=
ac_cv_env_CPP_set=
ac_cv_env_CPP_value=
ac_cv_env_LDFLAGS_set=
ac_cv_env_LDFLAGS_value=
ac_cv_env_LIBS_set=
ac_cv_env_LIBS_value=
ac_cv_env_build_alias_set=
ac_cv_env_build_alias_value=
ac_cv_env_host_alias_set=
ac_cv_env_host_alias_value=
ac_cv_env_target_alias_set=
ac_cv_env_target_alias_value=
ac_cv_objext=o
ac_cv_path_FIND=/usr/bin/find
ac_cv_path_PPDC=/usr/bin/ppdc
ac_cv_path_install='/usr/bin/install -c'
ac_cv_path_mkdir=/usr/bin/mkdir
ac_cv_prog_AWK=mawk
ac_cv_prog_ac_ct_CC=gcc
ac_cv_prog_cc_c89=
ac_cv_prog_cc_g=yes
ac_cv_prog_make_make_set=yes
am_cv_CC_dependencies_compiler_type=gcc3
am_cv_make_support_nested_variables=yes
am_cv_prog_cc_c_o=yes

## ----------------- ##
## Output variables. ##
## ----------------- ##

ACLOCAL='${SHELL} /home/server-tnp/etiquetazpl/rastertoezpl-1.1.9/missing aclocal-1.16'
AMDEPBACKSLASH='\'
AMDEP_FALSE='#'
AMDEP_TRUE=''
AMTAR='$${TAR-tar}'
AM_BACKSLASH='\'
AM_DEFAULT_V='$(AM_DEFAULT_VERBOSITY)'
AM_DEFAULT_VERBOSITY='1'
AM_V='$(V)'
AUTOCONF='${SHELL} /home/server-tnp/etiquetazpl/rastertoezpl-1.1.9/missing autoconf'
AUTOHEADER='${SHELL} /home/server-tnp/etiquetazpl/rastertoezpl-1.1.9/missing autoheader'
AUTOMAKE='${SHELL} /home/server-tnp/etiquetazpl/rastertoezpl-1.1.9/missing automake-1.16'
AWK='mawk'
CC='gcc'
CCDEPMODE='depmode=gcc3'
CFLAGS='-g -O2'
CPP=''
CPPFLAGS=''
CUPS=''
CUPS_BACKENDS=''
CUPS_CONFIG=''
CUPS_FILTERS=''
CYGPATH_W='echo'
DEFS=''
DEPDIR='.deps'
ECHO_C=''
ECHO_N='-n'
ECHO_T=''
EGREP=''
EXEEXT=''
FIND='/usr/bin/find'
GREP=''
INSTALL_DATA='${INSTALL} -m 644'
INSTALL_PROGRAM='${INSTALL}'
INSTALL_SCRIPT='${INSTALL}'
INSTALL_STRIP_PROGRAM='$(install_sh) -c -s'
LDFLAGS=''
LIBOBJS=''
LIBS=''
LN_S='ln -s'
LTLIBOBJS=''
MAKEINFO='${SHELL} /home/server-tnp/etiquetazpl/rastertoezpl-1.1.9/missing makeinfo'
MKDIR_P='/usr/bin/mkdir -p'
OBJEXT='o'
PACKAGE='rastertoezpl'
PACKAGE_BUGREPORT='techgt@godexintl.com'
PACKAGE_NAME='rastertoezpl'
PACKAGE_STRING='rastertoezpl 1.1.9'
PACKAGE_TARNAME='rastertoezpl'
PACKAGE_URL=''
PACKAGE_VERSION='1.1.9'
PATH_SEPARATOR=':'
PPDC='/usr/bin/ppdc'
PPDDIR=''
PPDLINK=''
SET_MAKE=''
SHELL='/bin/bash'
STRIP=''
SYSTEM_IS_DARWIN=''
VERSION='1.1.9'
ac_ct_CC='gcc'
am__EXEEXT_FALSE=''
am__EXEEXT_TRUE=''
am__fastdepCC_FALSE='#'
am__fastdepCC_TRUE=''
am__include='include'
am__isrc=''
am__leading_dot='.'
am__nodep='_no'
am__quote=''
am__tar='$${TAR-tar} chof - "$$tardir"'
am__untar='$${TAR-tar} xf -'
bindir='${exec_prefix}/bin'
build_alias=''
datadir='${datarootdir}'
datarootdir='${prefix}/share'
docdir='${datarootdir}/doc/${PACKAGE_TARNAME}'
dvidir='${docdir}'
exec_prefix='NONE'
host_alias=''
htmldir='${docdir}'
includedir='${prefix}/include'
infodir='${datarootdir}/info'
install_sh='${SHELL} /home/server-tnp/etiquetazpl/rastertoezpl-1.1.9/install-sh'
libdir='${exec_prefix}/lib'
libexecdir='${exec_prefix}/libexec'
localedir='${datarootdir}/locale'
localstatedir='${prefix}/var'
mandir='${datarootdir}/man'
mkdir_p='$(MKDIR_P)'
oldincludedir='/usr/include'
pdfdir='${docdir}'
prefix='NONE'
program_transform_name='s,x,x,'
psdir='${docdir}'
runstatedir='${localstatedir}/run'
sbindir='${exec_prefix}/sbin'
sharedstatedir='${prefix}/com'
sysconfdir='${prefix}/etc'
target_alias=''

## ----------- ##
## confdefs.h. ##
## ----------- ##

/* confdefs.h */
#define PACKAGE_NAME "rastertoezpl"
#define PACKAGE_TARNAME "rastertoezpl"
#define PACKAGE_VERSION "1.1.9"
#define PACKAGE_STRING "rastertoezpl 1.1.9"
#define PACKAGE_BUGREPORT "techgt@godexintl.com"
#define PACKAGE_URL ""
#define PACKAGE "rastertoezpl"
#define VERSION "1.1.9"

configure: exit 1
